[18:49:52] [main/INFO]: ModLauncher running: args [--username, MBar05, --version, forge-43.3.0, --gameDir, C:\Users\Matth\curseforge\minecraft\Instances\Zpack - Modified, --assetsDir, C:\Users\Matth\curseforge\minecraft\Install\assets, --assetIndex, 1.19, --uuid, 767c41db11b0499c9a26c5d986219ace, --accessToken, ????????, --clientId, OGM2ZGExODItMDYzYi00YWFlLTg1YTktYTA4ZjBlYmI1Mzc1, --xuid, 2535422913299274, --userType, msa, --versionType, release, --width, 1024, --height, 768, --launchTarget, forgeclient, --fml.forgeVersion, 43.3.0, --fml.mcVersion, 1.19.2, --fml.forgeGroup, net.minecraftforge, --fml.mcpVersion, 20220805.130853]
[18:49:52] [main/INFO]: ModLauncher 10.0.8+10.0.8+main.0ef7e830 starting: java version 17.0.8 by Microsoft; OS Windows 10 arch amd64 version 10.0
[18:49:53] [main/INFO]: Redirector CoreMod initialized successfully!
[18:49:53] [main/INFO]: SpongePowered MIXIN Subsystem Version=0.8.5 Source=union:/C:/Users/Matth/curseforge/minecraft/Install/libraries/org/spongepowered/mixin/0.8.5/mixin-0.8.5.jar%2397!/ Service=ModLauncher Env=CLIENT
[18:49:54] [main/INFO]: Found mod file [1.19.2-forge]-Epic-Knights-9.8.jar of type MOD with provider {mods folder locator at C:\Users\Matth\curseforge\minecraft\Instances\Zpack - Modified\mods}
[18:49:54] [main/INFO]: Found mod file [1.19.2]-Siege-Machines-1.19.jar of type MOD with provider {mods folder locator at C:\Users\Matth\curseforge\minecraft\Instances\Zpack - Modified\mods}
[18:49:54] [main/INFO]: Found mod file accurate_block_placement-1.19.2_1.0.jar of type MOD with provider {mods folder locator at C:\Users\Matth\curseforge\minecraft\Instances\Zpack - Modified\mods}
[18:49:54] [main/INFO]: Found mod file AdditionalPlacements-1.19.2-1.8.0.jar of type MOD with provider {mods folder locator at C:\Users\Matth\curseforge\minecraft\Instances\Zpack - Modified\mods}
[18:49:54] [main/INFO]: Found mod file another_furniture-forge-1.19.2-2.1.4.jar of type MOD with provider {mods folder locator at C:\Users\Matth\curseforge\minecraft\Instances\Zpack - Modified\mods}
[18:49:54] [main/INFO]: Found mod file appleskin-forge-mc1.19-2.4.2.jar of type MOD with provider {mods folder locator at C:\Users\Matth\curseforge\minecraft\Instances\Zpack - Modified\mods}
[18:49:54] [main/INFO]: Found mod file Aquaculture-1.19.2-2.4.17.jar of type MOD with provider {mods folder locator at C:\Users\Matth\curseforge\minecraft\Instances\Zpack - Modified\mods}
[18:49:54] [main/INFO]: Found mod file aquaculture_delight_1.0.0_forge_1.19.2.jar of type MOD with provider {mods folder locator at C:\Users\Matth\curseforge\minecraft\Instances\Zpack - Modified\mods}
[18:49:54] [main/INFO]: Found mod file architectury-6.6.92-forge.jar of type MOD with provider {mods folder locator at C:\Users\Matth\curseforge\minecraft\Instances\Zpack - Modified\mods}
[18:49:54] [main/INFO]: Found mod file astikorcarts-1.19.2-1.1.2.jar of type MOD with provider {mods folder locator at C:\Users\Matth\curseforge\minecraft\Instances\Zpack - Modified\mods}
[18:49:54] [main/INFO]: Found mod file AutoRegLib-1.8.2-55.jar of type MOD with provider {mods folder locator at C:\Users\Matth\curseforge\minecraft\Instances\Zpack - Modified\mods}
[18:49:54] [main/INFO]: Found mod file bellsandwhistles-v0.4.4-1.19.2.jar of type MOD with provider {mods folder locator at C:\Users\Matth\curseforge\minecraft\Instances\Zpack - Modified\mods}
[18:49:54] [main/INFO]: Found mod file betterchunkloading-1.19.2-4.2.jar of type MOD with provider {mods folder locator at C:\Users\Matth\curseforge\minecraft\Instances\Zpack - Modified\mods}
[18:49:54] [main/INFO]: Found mod file blockui-1.19.2-1.0.140-BETA.jar of type MOD with provider {mods folder locator at C:\Users\Matth\curseforge\minecraft\Instances\Zpack - Modified\mods}
[18:49:54] [main/INFO]: Found mod file blueprint-1.19.2-6.2.0.jar of type MOD with provider {mods folder locator at C:\Users\Matth\curseforge\minecraft\Instances\Zpack - Modified\mods}
[18:49:54] [main/INFO]: Found mod file Butchersdelight beta 1.19.2 2.1.0.jar of type MOD with provider {mods folder locator at C:\Users\Matth\curseforge\minecraft\Instances\Zpack - Modified\mods}
[18:49:54] [main/INFO]: Found mod file caelus-forge-1.19.2-3.0.0.6.jar of type MOD with provider {mods folder locator at C:\Users\Matth\curseforge\minecraft\Instances\Zpack - Modified\mods}
[18:49:54] [main/INFO]: Found mod file cgm-forge-1.19.2-1.3.7.jar of type MOD with provider {mods folder locator at C:\Users\Matth\curseforge\minecraft\Instances\Zpack - Modified\mods}
[18:49:54] [main/INFO]: Found mod file chairsontrains-forge-1.19.2-1.0.0.jar of type MOD with provider {mods folder locator at C:\Users\Matth\curseforge\minecraft\Instances\Zpack - Modified\mods}
[18:49:54] [main/INFO]: Found mod file chefs-delight-1.0.2-forge-1.19.2.jar of type MOD with provider {mods folder locator at C:\Users\Matth\curseforge\minecraft\Instances\Zpack - Modified\mods}
[18:49:54] [main/INFO]: Found mod file Chimes-v2.0.1-1.19.2.jar of type MOD with provider {mods folder locator at C:\Users\Matth\curseforge\minecraft\Instances\Zpack - Modified\mods}
[18:49:54] [main/INFO]: Found mod file chunksending-1.19.2-2.8.jar of type MOD with provider {mods folder locator at C:\Users\Matth\curseforge\minecraft\Instances\Zpack - Modified\mods}
[18:49:54] [main/INFO]: Found mod file clickadv-1.19.2-3.6.jar of type MOD with provider {mods folder locator at C:\Users\Matth\curseforge\minecraft\Instances\Zpack - Modified\mods}
[18:49:54] [main/INFO]: Found mod file cloth-config-8.3.115-forge.jar of type MOD with provider {mods folder locator at C:\Users\Matth\curseforge\minecraft\Instances\Zpack - Modified\mods}
[18:49:54] [main/INFO]: Found mod file Clumps-forge-1.19.2-9.0.0+14.jar of type MOD with provider {mods folder locator at C:\Users\Matth\curseforge\minecraft\Instances\Zpack - Modified\mods}
[18:49:54] [main/INFO]: Found mod file comforts-forge-6.0.7+1.19.2.jar of type MOD with provider {mods folder locator at C:\Users\Matth\curseforge\minecraft\Instances\Zpack - Modified\mods}
[18:49:54] [main/INFO]: Found mod file connectivity-1.19.2-4.6.jar of type MOD with provider {mods folder locator at C:\Users\Matth\curseforge\minecraft\Instances\Zpack - Modified\mods}
[18:49:54] [main/INFO]: Found mod file Controlling-forge-1.19.2-10.0+7.jar of type MOD with provider {mods folder locator at C:\Users\Matth\curseforge\minecraft\Instances\Zpack - Modified\mods}
[18:49:54] [main/INFO]: Found mod file Copycats-forge.1.19.2-1.2.5.jar of type MOD with provider {mods folder locator at C:\Users\Matth\curseforge\minecraft\Instances\Zpack - Modified\mods}
[18:49:54] [main/INFO]: Found mod file corn_delight-1.0.3-1.19.2.jar of type MOD with provider {mods folder locator at C:\Users\Matth\curseforge\minecraft\Instances\Zpack - Modified\mods}
[18:49:54] [main/INFO]: Found mod file corpse-forge-1.19.2-1.0.12.jar of type MOD with provider {mods folder locator at C:\Users\Matth\curseforge\minecraft\Instances\Zpack - Modified\mods}
[18:49:54] [main/INFO]: Found mod file CrabbersDelight-1.19.2-1.1.4.jar of type MOD with provider {mods folder locator at C:\Users\Matth\curseforge\minecraft\Instances\Zpack - Modified\mods}
[18:49:54] [main/INFO]: Found mod file create-1.19.2-0.5.1.f.jar of type MOD with provider {mods folder locator at C:\Users\Matth\curseforge\minecraft\Instances\Zpack - Modified\mods}
[18:49:54] [main/INFO]: Found mod file Create_Ammo-1.19.2-0.6.0.jar of type MOD with provider {mods folder locator at C:\Users\Matth\curseforge\minecraft\Instances\Zpack - Modified\mods}
[18:49:54] [main/INFO]: Found mod file create_central_kitchen-1.19.2-for-create-0.5.1.f-1.3.11.c.jar of type MOD with provider {mods folder locator at C:\Users\Matth\curseforge\minecraft\Instances\Zpack - Modified\mods}
[18:49:54] [main/INFO]: Found mod file create_connected-0.8.2-mc1.19.2-all.jar of type MOD with provider {mods folder locator at C:\Users\Matth\curseforge\minecraft\Instances\Zpack - Modified\mods}
[18:49:54] [main/INFO]: Found mod file create_misc_and_things_ 1.19.2_4.0A.jar of type MOD with provider {mods folder locator at C:\Users\Matth\curseforge\minecraft\Instances\Zpack - Modified\mods}
[18:49:54] [main/INFO]: Found mod file create_oxidized-1.19.2-0.1.1.jar of type MOD with provider {mods folder locator at C:\Users\Matth\curseforge\minecraft\Instances\Zpack - Modified\mods}
[18:49:54] [main/INFO]: Found mod file createaddition-1.19.2-1.2.3.jar of type MOD with provider {mods folder locator at C:\Users\Matth\curseforge\minecraft\Instances\Zpack - Modified\mods}
[18:49:54] [main/INFO]: Found mod file createbigcannons-forge-1.19.2-0.5.4.jar of type MOD with provider {mods folder locator at C:\Users\Matth\curseforge\minecraft\Instances\Zpack - Modified\mods}
[18:49:54] [main/INFO]: Found mod file createchunkloading-1.5.0-forge.jar of type MOD with provider {mods folder locator at C:\Users\Matth\curseforge\minecraft\Instances\Zpack - Modified\mods}
[18:49:54] [main/INFO]: Found mod file createdeco-1.3.3-1.19.2.jar of type MOD with provider {mods folder locator at C:\Users\Matth\curseforge\minecraft\Instances\Zpack - Modified\mods}
[18:49:54] [main/INFO]: Found mod file createindustry-0.8.0b-1.19.2.jar of type MOD with provider {mods folder locator at C:\Users\Matth\curseforge\minecraft\Instances\Zpack - Modified\mods}
[18:49:54] [main/INFO]: Found mod file createliquidfuel-2.1.1-1.19.2.jar of type MOD with provider {mods folder locator at C:\Users\Matth\curseforge\minecraft\Instances\Zpack - Modified\mods}
[18:49:54] [main/INFO]: Found mod file CreateMoreAutomation-1.19.2-0.3.0.jar of type MOD with provider {mods folder locator at C:\Users\Matth\curseforge\minecraft\Instances\Zpack - Modified\mods}
[18:49:54] [main/INFO]: Found mod file createrailwaysnavigator-0.5.3-beta-1.19.2-forge.jar of type MOD with provider {mods folder locator at C:\Users\Matth\curseforge\minecraft\Instances\Zpack - Modified\mods}
[18:49:54] [main/INFO]: Found mod file Croptopia-1.19.2-FORGE-2.2.2.jar of type MOD with provider {mods folder locator at C:\Users\Matth\curseforge\minecraft\Instances\Zpack - Modified\mods}
[18:49:54] [main/INFO]: Found mod file CroptopiaDelight-1.19.2_1.2.2-forge.jar of type MOD with provider {mods folder locator at C:\Users\Matth\curseforge\minecraft\Instances\Zpack - Modified\mods}
[18:49:54] [main/INFO]: Found mod file ctov-3.2.6c.jar of type MOD with provider {mods folder locator at C:\Users\Matth\curseforge\minecraft\Instances\Zpack - Modified\mods}
[18:49:54] [main/INFO]: Found mod file cupboard-1.19.2-2.6.jar of type MOD with provider {mods folder locator at C:\Users\Matth\curseforge\minecraft\Instances\Zpack - Modified\mods}
[18:49:54] [main/INFO]: Found mod file curios-forge-1.19.2-5.1.6.2.jar of type MOD with provider {mods folder locator at C:\Users\Matth\curseforge\minecraft\Instances\Zpack - Modified\mods}
[18:49:54] [main/INFO]: Found mod file dbExtended-1.19.2-6.0.1.jar of type MOD with provider {mods folder locator at C:\Users\Matth\curseforge\minecraft\Instances\Zpack - Modified\mods}
[18:49:54] [main/INFO]: Found mod file DecorationDelightRefurbished-1.19.2.jar of type MOD with provider {mods folder locator at C:\Users\Matth\curseforge\minecraft\Instances\Zpack - Modified\mods}
[18:49:54] [main/INFO]: Found mod file Delightful-1.19.2-3.4.1.jar of type MOD with provider {mods folder locator at C:\Users\Matth\curseforge\minecraft\Instances\Zpack - Modified\mods}
[18:49:54] [main/INFO]: Found mod file design_decor-0.4-1.19.2.jar of type MOD with provider {mods folder locator at C:\Users\Matth\curseforge\minecraft\Instances\Zpack - Modified\mods}
[18:49:54] [main/INFO]: Found mod file domum_ornamentum-1.19-1.0.146-BETA-universal.jar of type MOD with provider {mods folder locator at C:\Users\Matth\curseforge\minecraft\Instances\Zpack - Modified\mods}
[18:49:54] [main/INFO]: Found mod file drawerfps-1.19.2-1.8.jar of type MOD with provider {mods folder locator at C:\Users\Matth\curseforge\minecraft\Instances\Zpack - Modified\mods}
[18:49:54] [main/INFO]: Found mod file DungeonsArise-1.19.2-2.1.54-release.jar of type MOD with provider {mods folder locator at C:\Users\Matth\curseforge\minecraft\Instances\Zpack - Modified\mods}
[18:49:54] [main/INFO]: Found mod file dynamicvillage-v0.3-1.19.2.jar of type MOD with provider {mods folder locator at C:\Users\Matth\curseforge\minecraft\Instances\Zpack - Modified\mods}
[18:49:54] [main/INFO]: Found mod file effortlessbuilding-1.19.2-3.5-all.jar of type MOD with provider {mods folder locator at C:\Users\Matth\curseforge\minecraft\Instances\Zpack - Modified\mods}
[18:49:54] [main/INFO]: Found mod file elytraslot-forge-6.1.1+1.19.2.jar of type MOD with provider {mods folder locator at C:\Users\Matth\curseforge\minecraft\Instances\Zpack - Modified\mods}
[18:49:54] [main/INFO]: Found mod file entityculling-forge-1.6.1-mc1.19.2.jar of type MOD with provider {mods folder locator at C:\Users\Matth\curseforge\minecraft\Instances\Zpack - Modified\mods}
[18:49:54] [main/INFO]: Found mod file ExplorersCompass-1.19.2-1.3.0-forge.jar of type MOD with provider {mods folder locator at C:\Users\Matth\curseforge\minecraft\Instances\Zpack - Modified\mods}
[18:49:54] [main/INFO]: Found mod file FarmersDelight-1.19.2-1.2.4.jar of type MOD with provider {mods folder locator at C:\Users\Matth\curseforge\minecraft\Instances\Zpack - Modified\mods}
[18:49:54] [main/INFO]: Found mod file FarmersRespite-1.19-2.0.jar of type MOD with provider {mods folder locator at C:\Users\Matth\curseforge\minecraft\Instances\Zpack - Modified\mods}
[18:49:54] [main/INFO]: Found mod file fastasyncworldsave-1.19.2-1.2.jar of type MOD with provider {mods folder locator at C:\Users\Matth\curseforge\minecraft\Instances\Zpack - Modified\mods}
[18:49:54] [main/INFO]: Found mod file FastFurnace-1.19.2-7.0.0.jar of type MOD with provider {mods folder locator at C:\Users\Matth\curseforge\minecraft\Instances\Zpack - Modified\mods}
[18:49:54] [main/INFO]: Found mod file FastSuite-1.19.2-4.1.1.jar of type MOD with provider {mods folder locator at C:\Users\Matth\curseforge\minecraft\Instances\Zpack - Modified\mods}
[18:49:54] [main/INFO]: Found mod file FastWorkbench-1.19.2-7.1.4.jar of type MOD with provider {mods folder locator at C:\Users\Matth\curseforge\minecraft\Instances\Zpack - Modified\mods}
[18:49:54] [main/INFO]: Found mod file ferritecore-5.0.3-forge.jar of type MOD with provider {mods folder locator at C:\Users\Matth\curseforge\minecraft\Instances\Zpack - Modified\mods}
[18:49:54] [main/INFO]: Found mod file FireSticks V.1.1 [1.19.2].jar of type MOD with provider {mods folder locator at C:\Users\Matth\curseforge\minecraft\Instances\Zpack - Modified\mods}
[18:49:54] [main/INFO]: Found mod file framework-forge-1.19.2-0.6.16.jar of type MOD with provider {mods folder locator at C:\Users\Matth\curseforge\minecraft\Instances\Zpack - Modified\mods}
[18:49:54] [main/INFO]: Found mod file fusion-1.1.1-forge-mc1.19.2.jar of type MOD with provider {mods folder locator at C:\Users\Matth\curseforge\minecraft\Instances\Zpack - Modified\mods}
[18:49:54] [main/INFO]: Found mod file geckolib-forge-1.19-3.1.40.jar of type MOD with provider {mods folder locator at C:\Users\Matth\curseforge\minecraft\Instances\Zpack - Modified\mods}
[18:49:54] [main/INFO]: Found mod file global_packs-forge-1.19.2-1.14.5_forge.jar of type MOD with provider {mods folder locator at C:\Users\Matth\curseforge\minecraft\Instances\Zpack - Modified\mods}
[18:49:54] [main/INFO]: Found mod file gpumemleakfix-1.19.2-1.6.jar of type MOD with provider {mods folder locator at C:\Users\Matth\curseforge\minecraft\Instances\Zpack - Modified\mods}
[18:49:54] [main/INFO]: Found mod file guardvillagers-1.19.2-1.5.9.jar of type MOD with provider {mods folder locator at C:\Users\Matth\curseforge\minecraft\Instances\Zpack - Modified\mods}
[18:49:54] [main/INFO]: Found mod file Icterine-forge-1.2.0.jar of type MOD with provider {mods folder locator at C:\Users\Matth\curseforge\minecraft\Instances\Zpack - Modified\mods}
[18:49:54] [main/INFO]: Found mod file ImmediatelyFast-Forge-1.2.17+1.19.2.jar of type MOD with provider {mods folder locator at C:\Users\Matth\curseforge\minecraft\Instances\Zpack - Modified\mods}
[18:49:54] [main/INFO]: Found mod file interiors-0.5.3+forge-mc1.19.2.jar of type MOD with provider {mods folder locator at C:\Users\Matth\curseforge\minecraft\Instances\Zpack - Modified\mods}
[18:49:54] [main/INFO]: Found mod file Jade-1.19.1-forge-8.9.2.jar of type MOD with provider {mods folder locator at C:\Users\Matth\curseforge\minecraft\Instances\Zpack - Modified\mods}
[18:49:54] [main/INFO]: Found mod file JadeAddons-1.19.2-forge-3.6.0.jar of type MOD with provider {mods folder locator at C:\Users\Matth\curseforge\minecraft\Instances\Zpack - Modified\mods}
[18:49:54] [main/INFO]: Found mod file JadeColonies-1.19.2-1.0.1.jar of type MOD with provider {mods folder locator at C:\Users\Matth\curseforge\minecraft\Instances\Zpack - Modified\mods}
[18:49:54] [main/INFO]: Found mod file jei-1.19.2-forge-11.6.0.1019.jar of type MOD with provider {mods folder locator at C:\Users\Matth\curseforge\minecraft\Instances\Zpack - Modified\mods}
[18:49:54] [main/INFO]: Found mod file JustEnoughResources-1.19.2-1.2.3.243.jar of type MOD with provider {mods folder locator at C:\Users\Matth\curseforge\minecraft\Instances\Zpack - Modified\mods}
[18:49:54] [main/INFO]: Found mod file kotlinforforge-3.12.0-all.jar of type LIBRARY with provider {mods folder locator at C:\Users\Matth\curseforge\minecraft\Instances\Zpack - Modified\mods}
[18:49:54] [main/INFO]: Found mod file lightspeed-1.19.2-1.0.5.jar of type MOD with provider {mods folder locator at C:\Users\Matth\curseforge\minecraft\Instances\Zpack - Modified\mods}
[18:49:54] [main/INFO]: Found mod file limitedchunks-1.19.2-3.9.jar of type MOD with provider {mods folder locator at C:\Users\Matth\curseforge\minecraft\Instances\Zpack - Modified\mods}
[18:49:54] [main/INFO]: Found mod file logprot-1.19.2-1.9.jar of type MOD with provider {mods folder locator at C:\Users\Matth\curseforge\minecraft\Instances\Zpack - Modified\mods}
[18:49:54] [main/INFO]: Found mod file majrusz-library-forge-1.19.2-7.0.5-backport.1.jar of type MOD with provider {mods folder locator at C:\Users\Matth\curseforge\minecraft\Instances\Zpack - Modified\mods}
[18:49:54] [main/INFO]: Found mod file mcw-bridges-3.0.0-mc1.19.2forge.jar of type MOD with provider {mods folder locator at C:\Users\Matth\curseforge\minecraft\Instances\Zpack - Modified\mods}
[18:49:54] [main/INFO]: Found mod file mcw-doors-1.1.0forge-mc1.19.2.jar of type MOD with provider {mods folder locator at C:\Users\Matth\curseforge\minecraft\Instances\Zpack - Modified\mods}
[18:49:54] [main/INFO]: Found mod file mcw-fences-1.1.1-mc1.19.2forge.jar of type MOD with provider {mods folder locator at C:\Users\Matth\curseforge\minecraft\Instances\Zpack - Modified\mods}
[18:49:54] [main/INFO]: Found mod file mcw-furniture-3.2.2-mc1.19.2forge.jar of type MOD with provider {mods folder locator at C:\Users\Matth\curseforge\minecraft\Instances\Zpack - Modified\mods}
[18:49:54] [main/INFO]: Found mod file mcw-paintings-1.0.5-1.19.2forge.jar of type MOD with provider {mods folder locator at C:\Users\Matth\curseforge\minecraft\Instances\Zpack - Modified\mods}
[18:49:54] [main/INFO]: Found mod file mcw-paths-1.0.5-1.19.2forge.jar of type MOD with provider {mods folder locator at C:\Users\Matth\curseforge\minecraft\Instances\Zpack - Modified\mods}
[18:49:54] [main/INFO]: Found mod file mcw-roofs-2.3.0-mc1.19.2forge.jar of type MOD with provider {mods folder locator at C:\Users\Matth\curseforge\minecraft\Instances\Zpack - Modified\mods}
[18:49:54] [main/INFO]: Found mod file mcw-trapdoors-1.1.3-mc1.19.2forge.jar of type MOD with provider {mods folder locator at C:\Users\Matth\curseforge\minecraft\Instances\Zpack - Modified\mods}
[18:49:54] [main/INFO]: Found mod file mcw-windows-2.2.1-mc1.19.2forge.jar of type MOD with provider {mods folder locator at C:\Users\Matth\curseforge\minecraft\Instances\Zpack - Modified\mods}
[18:49:54] [main/INFO]: Found mod file minecolonies-1.19.2-1.1.516-BETA.jar of type MOD with provider {mods folder locator at C:\Users\Matth\curseforge\minecraft\Instances\Zpack - Modified\mods}
[18:49:54] [main/INFO]: Found mod file modernfix-forge-5.18.0+mc1.19.2.jar of type MOD with provider {mods folder locator at C:\Users\Matth\curseforge\minecraft\Instances\Zpack - Modified\mods}
[18:49:54] [main/INFO]: Found mod file moderntrainparts-mc1.19.2-0.2.2-forge.jar of type MOD with provider {mods folder locator at C:\Users\Matth\curseforge\minecraft\Instances\Zpack - Modified\mods}
[18:49:54] [main/INFO]: Found mod file molten_vents-1.19.2-2.0.6.jar of type MOD with provider {mods folder locator at C:\Users\Matth\curseforge\minecraft\Instances\Zpack - Modified\mods}
[18:49:54] [main/INFO]: Found mod file moonlight-1.19.2-2.3.6-forge.jar of type MOD with provider {mods folder locator at C:\Users\Matth\curseforge\minecraft\Instances\Zpack - Modified\mods}
[18:49:54] [main/INFO]: Found mod file moretinygates-1.19.2-1.0.5.jar of type MOD with provider {mods folder locator at C:\Users\Matth\curseforge\minecraft\Instances\Zpack - Modified\mods}
[18:49:54] [main/INFO]: Found mod file MouseTweaks-forge-mc1.19-2.23.jar of type MOD with provider {mods folder locator at C:\Users\Matth\curseforge\minecraft\Instances\Zpack - Modified\mods}
[18:49:54] [main/INFO]: Found mod file mysterious_mountain_lib-1.2.3-1.19.2.jar of type MOD with provider {mods folder locator at C:\Users\Matth\curseforge\minecraft\Instances\Zpack - Modified\mods}
[18:49:54] [main/INFO]: Found mod file naturalist-forge-4.0.3-1.19.2.jar of type MOD with provider {mods folder locator at C:\Users\Matth\curseforge\minecraft\Instances\Zpack - Modified\mods}
[18:49:54] [main/INFO]: Found mod file NaturesCompass-1.19.2-1.10.0-forge.jar of type MOD with provider {mods folder locator at C:\Users\Matth\curseforge\minecraft\Instances\Zpack - Modified\mods}
[18:49:54] [main/INFO]: Found mod file neapolitan-1.19.2-4.1.0.jar of type MOD with provider {mods folder locator at C:\Users\Matth\curseforge\minecraft\Instances\Zpack - Modified\mods}
[18:49:54] [main/INFO]: Found mod file NethersDelight-1.19-3.1.jar of type MOD with provider {mods folder locator at C:\Users\Matth\curseforge\minecraft\Instances\Zpack - Modified\mods}
[18:49:54] [main/INFO]: Found mod file NoChatReports-FORGE-1.19.2-v1.5.1.jar of type MOD with provider {mods folder locator at C:\Users\Matth\curseforge\minecraft\Instances\Zpack - Modified\mods}
[18:49:54] [main/INFO]: Found mod file nocube's_farmers_compats_1.0.0_Forge_1.19.2.jar of type MOD with provider {mods folder locator at C:\Users\Matth\curseforge\minecraft\Instances\Zpack - Modified\mods}
[18:49:54] [main/INFO]: Found mod file nutritionalbalance-1.19.2-4.2.4.jar of type MOD with provider {mods folder locator at C:\Users\Matth\curseforge\minecraft\Instances\Zpack - Modified\mods}
[18:49:54] [main/INFO]: Found mod file oceansdelight-1.0.2-1.19.2.jar of type MOD with provider {mods folder locator at C:\Users\Matth\curseforge\minecraft\Instances\Zpack - Modified\mods}
[18:49:54] [main/INFO]: Found mod file origins-forge-1.19.2-1.7.1.7-all.jar of type MOD with provider {mods folder locator at C:\Users\Matth\curseforge\minecraft\Instances\Zpack - Modified\mods}
[18:49:54] [main/INFO]: Found mod file physics-mod-2.12.5-mc-1.19.2-forge.jar of type MOD with provider {mods folder locator at C:\Users\Matth\curseforge\minecraft\Instances\Zpack - Modified\mods}
[18:49:54] [main/INFO]: Found mod file Placebo-1.19.2-7.4.0.jar of type MOD with provider {mods folder locator at C:\Users\Matth\curseforge\minecraft\Instances\Zpack - Modified\mods}
[18:49:54] [main/INFO]: Found mod file polymorph-forge-0.46.6+1.19.2.jar of type MOD with provider {mods folder locator at C:\Users\Matth\curseforge\minecraft\Instances\Zpack - Modified\mods}
[18:49:54] [main/INFO]: Found mod file Quark-3.4-418.jar of type MOD with provider {mods folder locator at C:\Users\Matth\curseforge\minecraft\Instances\Zpack - Modified\mods}
[18:49:54] [main/INFO]: Found mod file quark_delight_1.0.0_forge_1.19.2.jar of type MOD with provider {mods folder locator at C:\Users\Matth\curseforge\minecraft\Instances\Zpack - Modified\mods}
[18:49:54] [main/INFO]: Found mod file rechiseled-1.1.6-forge-mc1.19.2.jar of type MOD with provider {mods folder locator at C:\Users\Matth\curseforge\minecraft\Instances\Zpack - Modified\mods}
[18:49:54] [main/INFO]: Found mod file rechiseledcreate-1.0.2-forge-mc1.19.jar of type MOD with provider {mods folder locator at C:\Users\Matth\curseforge\minecraft\Instances\Zpack - Modified\mods}
[18:49:54] [main/INFO]: Found mod file recipeessentials-1.19.2-3.2.jar of type MOD with provider {mods folder locator at C:\Users\Matth\curseforge\minecraft\Instances\Zpack - Modified\mods}
[18:49:54] [main/INFO]: Found mod file rubidium-mc1.19.2-0.6.2c.jar of type MOD with provider {mods folder locator at C:\Users\Matth\curseforge\minecraft\Instances\Zpack - Modified\mods}
[18:49:54] [main/INFO]: Found mod file SereneSeasons-1.19.2-8.1.0.24.jar of type MOD with provider {mods folder locator at C:\Users\Matth\curseforge\minecraft\Instances\Zpack - Modified\mods}
[18:49:54] [main/INFO]: Found mod file sliceanddice-forge-2.3.2.jar of type MOD with provider {mods folder locator at C:\Users\Matth\curseforge\minecraft\Instances\Zpack - Modified\mods}
[18:49:54] [main/INFO]: Found mod file smallships-forge-1.19.2-2.0.0-b1.2.jar of type MOD with provider {mods folder locator at C:\Users\Matth\curseforge\minecraft\Instances\Zpack - Modified\mods}
[18:49:54] [main/INFO]: Found mod file smarterfarmers-1.19.2-1.7.1.jar of type MOD with provider {mods folder locator at C:\Users\Matth\curseforge\minecraft\Instances\Zpack - Modified\mods}
[18:49:54] [main/INFO]: Found mod file smoothchunk-1.19.2-3.5.jar of type MOD with provider {mods folder locator at C:\Users\Matth\curseforge\minecraft\Instances\Zpack - Modified\mods}
[18:49:54] [main/INFO]: Found mod file sophisticatedbackpacks-1.19.2-3.20.2.1035.jar of type MOD with provider {mods folder locator at C:\Users\Matth\curseforge\minecraft\Instances\Zpack - Modified\mods}
[18:49:54] [main/INFO]: Found mod file sophisticatedcore-1.19.2-0.6.4.605.jar of type MOD with provider {mods folder locator at C:\Users\Matth\curseforge\minecraft\Instances\Zpack - Modified\mods}
[18:49:54] [main/INFO]: Found mod file sound-physics-remastered-forge-1.19.2-1.4.2.jar of type MOD with provider {mods folder locator at C:\Users\Matth\curseforge\minecraft\Instances\Zpack - Modified\mods}
[18:49:54] [main/INFO]: Found mod file Steam_Rails-1.6.4+forge-mc1.19.2.jar of type MOD with provider {mods folder locator at C:\Users\Matth\curseforge\minecraft\Instances\Zpack - Modified\mods}
[18:49:54] [main/INFO]: Found mod file StorageDrawers-1.19-11.1.2.jar of type MOD with provider {mods folder locator at C:\Users\Matth\curseforge\minecraft\Instances\Zpack - Modified\mods}
[18:49:54] [main/INFO]: Found mod file structureessentials-1.19.2-3.2.jar of type MOD with provider {mods folder locator at C:\Users\Matth\curseforge\minecraft\Instances\Zpack - Modified\mods}
[18:49:54] [main/INFO]: Found mod file structurize-1.19.2-1.0.689-RELEASE.jar of type MOD with provider {mods folder locator at C:\Users\Matth\curseforge\minecraft\Instances\Zpack - Modified\mods}
[18:49:54] [main/INFO]: Found mod file supermartijn642configlib-1.1.8-forge-mc1.19.jar of type MOD with provider {mods folder locator at C:\Users\Matth\curseforge\minecraft\Instances\Zpack - Modified\mods}
[18:49:54] [main/INFO]: Found mod file supermartijn642corelib-1.1.17-forge-mc1.19.2.jar of type MOD with provider {mods folder locator at C:\Users\Matth\curseforge\minecraft\Instances\Zpack - Modified\mods}
[18:49:54] [main/INFO]: Found mod file supplementaries-1.19.2-2.4.20.jar of type MOD with provider {mods folder locator at C:\Users\Matth\curseforge\minecraft\Instances\Zpack - Modified\mods}
[18:49:54] [main/INFO]: Found mod file Terralith_1.19.3_v2.3.12.jar of type MOD with provider {mods folder locator at C:\Users\Matth\curseforge\minecraft\Instances\Zpack - Modified\mods}
[18:49:54] [main/INFO]: Found mod file tinygates-1.19.2-3.1.2.jar of type MOD with provider {mods folder locator at C:\Users\Matth\curseforge\minecraft\Instances\Zpack - Modified\mods}
[18:49:54] [main/INFO]: Found mod file tinyredstone-1.19.2-4.1.6.jar of type MOD with provider {mods folder locator at C:\Users\Matth\curseforge\minecraft\Instances\Zpack - Modified\mods}
[18:49:54] [main/INFO]: Found mod file towntalk-1.19.2-1.0.1.jar of type MOD with provider {mods folder locator at C:\Users\Matth\curseforge\minecraft\Instances\Zpack - Modified\mods}
[18:49:54] [main/INFO]: Found mod file trainperspectivefix-1.0.0-universal.jar of type MOD with provider {mods folder locator at C:\Users\Matth\curseforge\minecraft\Instances\Zpack - Modified\mods}
[18:49:54] [main/INFO]: Found mod file TreeChop-1.19.2-forge-0.18.6.jar of type MOD with provider {mods folder locator at C:\Users\Matth\curseforge\minecraft\Instances\Zpack - Modified\mods}
[18:49:54] [main/INFO]: Found mod file Xaeros_Minimap_24.1.1_Forge_1.19.1.jar of type MOD with provider {mods folder locator at C:\Users\Matth\curseforge\minecraft\Instances\Zpack - Modified\mods}
[18:49:54] [main/INFO]: Found mod file XaerosWorldMap_1.38.4_Forge_1.19.1.jar of type MOD with provider {mods folder locator at C:\Users\Matth\curseforge\minecraft\Instances\Zpack - Modified\mods}
[18:49:54] [main/INFO]: Found mod file YungsApi-1.19.2-Forge-3.8.10.jar of type MOD with provider {mods folder locator at C:\Users\Matth\curseforge\minecraft\Instances\Zpack - Modified\mods}
[18:49:54] [main/INFO]: Found mod file YungsBetterDesertTemples-1.19.2-Forge-2.2.2.jar of type MOD with provider {mods folder locator at C:\Users\Matth\curseforge\minecraft\Instances\Zpack - Modified\mods}
[18:49:54] [main/INFO]: Found mod file YungsBetterDungeons-1.19.2-Forge-3.2.2.jar of type MOD with provider {mods folder locator at C:\Users\Matth\curseforge\minecraft\Instances\Zpack - Modified\mods}
[18:49:54] [main/INFO]: Found mod file YungsBetterEndIsland-1.19.2-Forge-1.0.jar of type MOD with provider {mods folder locator at C:\Users\Matth\curseforge\minecraft\Instances\Zpack - Modified\mods}
[18:49:54] [main/INFO]: Found mod file YungsBetterJungleTemples-1.19.2-Forge-1.0.1.jar of type MOD with provider {mods folder locator at C:\Users\Matth\curseforge\minecraft\Instances\Zpack - Modified\mods}
[18:49:54] [main/INFO]: Found mod file YungsBetterMineshafts-1.19.2-Forge-3.2.1.jar of type MOD with provider {mods folder locator at C:\Users\Matth\curseforge\minecraft\Instances\Zpack - Modified\mods}
[18:49:54] [main/INFO]: Found mod file YungsBetterNetherFortresses-1.19.2-Forge-1.0.6.jar of type MOD with provider {mods folder locator at C:\Users\Matth\curseforge\minecraft\Instances\Zpack - Modified\mods}
[18:49:54] [main/INFO]: Found mod file YungsBetterOceanMonuments-1.19.2-Forge-2.1.1.jar of type MOD with provider {mods folder locator at C:\Users\Matth\curseforge\minecraft\Instances\Zpack - Modified\mods}
[18:49:54] [main/INFO]: Found mod file YungsBetterStrongholds-1.19.2-Forge-3.2.0.jar of type MOD with provider {mods folder locator at C:\Users\Matth\curseforge\minecraft\Instances\Zpack - Modified\mods}
[18:49:54] [main/INFO]: Found mod file YungsBetterWitchHuts-1.19.2-Forge-2.1.0.jar of type MOD with provider {mods folder locator at C:\Users\Matth\curseforge\minecraft\Instances\Zpack - Modified\mods}
[18:49:54] [main/INFO]: Found mod file YungsBridges-1.19.2-Forge-3.1.0.jar of type MOD with provider {mods folder locator at C:\Users\Matth\curseforge\minecraft\Instances\Zpack - Modified\mods}
[18:49:54] [main/INFO]: Found mod file YungsExtras-1.19.2-Forge-3.1.0.jar of type MOD with provider {mods folder locator at C:\Users\Matth\curseforge\minecraft\Instances\Zpack - Modified\mods}
[18:49:54] [main/WARN]: Mod file C:\Users\Matth\curseforge\minecraft\Install\libraries\net\minecraftforge\fmlcore\1.19.2-43.3.0\fmlcore-1.19.2-43.3.0.jar is missing mods.toml file
[18:49:54] [main/WARN]: Mod file C:\Users\Matth\curseforge\minecraft\Install\libraries\net\minecraftforge\javafmllanguage\1.19.2-43.3.0\javafmllanguage-1.19.2-43.3.0.jar is missing mods.toml file
[18:49:54] [main/WARN]: Mod file C:\Users\Matth\curseforge\minecraft\Install\libraries\net\minecraftforge\lowcodelanguage\1.19.2-43.3.0\lowcodelanguage-1.19.2-43.3.0.jar is missing mods.toml file
[18:49:54] [main/WARN]: Mod file C:\Users\Matth\curseforge\minecraft\Install\libraries\net\minecraftforge\mclanguage\1.19.2-43.3.0\mclanguage-1.19.2-43.3.0.jar is missing mods.toml file
[18:49:54] [main/INFO]: Found mod file fmlcore-1.19.2-43.3.0.jar of type LIBRARY with provider net.minecraftforge.fml.loading.moddiscovery.MinecraftLocator@31cb96e1
[18:49:54] [main/INFO]: Found mod file javafmllanguage-1.19.2-43.3.0.jar of type LANGPROVIDER with provider net.minecraftforge.fml.loading.moddiscovery.MinecraftLocator@31cb96e1
[18:49:54] [main/INFO]: Found mod file lowcodelanguage-1.19.2-43.3.0.jar of type LANGPROVIDER with provider net.minecraftforge.fml.loading.moddiscovery.MinecraftLocator@31cb96e1
[18:49:54] [main/INFO]: Found mod file mclanguage-1.19.2-43.3.0.jar of type LANGPROVIDER with provider net.minecraftforge.fml.loading.moddiscovery.MinecraftLocator@31cb96e1
[18:49:54] [main/INFO]: Found mod file client-1.19.2-20220805.130853-srg.jar of type MOD with provider net.minecraftforge.fml.loading.moddiscovery.MinecraftLocator@31cb96e1
[18:49:54] [main/INFO]: Found mod file forge-1.19.2-43.3.0-universal.jar of type MOD with provider net.minecraftforge.fml.loading.moddiscovery.MinecraftLocator@31cb96e1
[18:49:54] [main/WARN]: Attempted to select two dependency jars from JarJar which have the same identification: Mod File:  and Mod File: . Using Mod File: 
[18:49:54] [main/WARN]: Attempted to select a dependency jar for JarJar which was passed in as source: architectury. Using Mod File: C:\Users\Matth\curseforge\minecraft\Instances\Zpack - Modified\mods\architectury-6.6.92-forge.jar
[18:49:54] [main/INFO]: Found 15 dependencies adding them to mods collection
[18:49:54] [main/INFO]: Found mod file dragonlib-forge-1.19.2-2.1.8.jar of type MOD with provider net.minecraftforge.fml.loading.moddiscovery.JarInJarDependencyLocator@5e746d37
[18:49:54] [main/INFO]: Found mod file mixinextras-forge-0.2.0.jar of type GAMELIBRARY with provider net.minecraftforge.fml.loading.moddiscovery.JarInJarDependencyLocator@5e746d37
[18:49:54] [main/INFO]: Found mod file create_dragon_lib-1.19.2-1.4.3.jar of type MOD with provider net.minecraftforge.fml.loading.moddiscovery.JarInJarDependencyLocator@5e746d37
[18:49:54] [main/INFO]: Found mod file additionalentityattributes-forge-1.19-1.0.1+1.19.jar of type MOD with provider net.minecraftforge.fml.loading.moddiscovery.JarInJarDependencyLocator@5e746d37
[18:49:54] [main/INFO]: Found mod file Reflect-1.3.3.jar of type GAMELIBRARY with provider net.minecraftforge.fml.loading.moddiscovery.JarInJarDependencyLocator@5e746d37
[18:49:54] [main/INFO]: Found mod file kfflang-3.12.0.jar of type LANGPROVIDER with provider net.minecraftforge.fml.loading.moddiscovery.JarInJarDependencyLocator@5e746d37
[18:49:54] [main/INFO]: Found mod file spectrelib-forge-0.12.8+1.19.2.jar of type MOD with provider net.minecraftforge.fml.loading.moddiscovery.JarInJarDependencyLocator@5e746d37
[18:49:54] [main/INFO]: Found mod file MixinExtras-0.3.5.jar of type GAMELIBRARY with provider net.minecraftforge.fml.loading.moddiscovery.JarInJarDependencyLocator@5e746d37
[18:49:54] [main/INFO]: Found mod file calio-forge-1.19.2-1.7.0.4.jar of type MOD with provider net.minecraftforge.fml.loading.moddiscovery.JarInJarDependencyLocator@5e746d37
[18:49:54] [main/INFO]: Found mod file kffmod-3.12.0.jar of type MOD with provider net.minecraftforge.fml.loading.moddiscovery.JarInJarDependencyLocator@5e746d37
[18:49:54] [main/INFO]: Found mod file apoli-forge-1.19.2-2.6.1.7.jar of type MOD with provider net.minecraftforge.fml.loading.moddiscovery.JarInJarDependencyLocator@5e746d37
[18:49:54] [main/INFO]: Found mod file kfflib-3.12.0.jar of type GAMELIBRARY with provider net.minecraftforge.fml.loading.moddiscovery.JarInJarDependencyLocator@5e746d37
[18:49:54] [main/INFO]: Found mod file flywheel-forge-1.19.2-0.6.10-20.jar of type MOD with provider net.minecraftforge.fml.loading.moddiscovery.JarInJarDependencyLocator@5e746d37
[18:49:54] [main/INFO]: Found mod file Registrate-MC1.19-1.1.5.jar of type GAMELIBRARY with provider net.minecraftforge.fml.loading.moddiscovery.JarInJarDependencyLocator@5e746d37
[18:49:54] [main/INFO]: Found mod file ritchiesprojectilelib-1.0.0-40ef15b+1.19.2-forge.jar of type MOD with provider net.minecraftforge.fml.loading.moddiscovery.JarInJarDependencyLocator@5e746d37
[18:49:58] [main/INFO]: Compatibility level set to JAVA_17
[18:49:59] [main/INFO]: Successfully loaded Mixin Connector [com.sonicether.soundphysics.MixinConnector]
[18:49:59] [main/INFO]: Successfully loaded Mixin Connector [com.aizistral.nochatreports.MixinConnector]
[18:49:59] [main/INFO]: Launching target 'forgeclient' with arguments [--version, forge-43.3.0, --gameDir, C:\Users\Matth\curseforge\minecraft\Instances\Zpack - Modified, --assetsDir, C:\Users\Matth\curseforge\minecraft\Install\assets, --uuid, 767c41db11b0499c9a26c5d986219ace, --username, MBar05, --assetIndex, 1.19, --accessToken, ????????, --clientId, OGM2ZGExODItMDYzYi00YWFlLTg1YTktYTA4ZjBlYmI1Mzc1, --xuid, 2535422913299274, --userType, msa, --versionType, release, --width, 1024, --height, 768]
[18:49:59] [main/WARN]: Reference map 'naturalist-forge-forge-refmap.json' for naturalist.mixins.json could not be read. If this is a development environment you can ignore this message
[18:49:59] [main/INFO]: Loaded configuration file for Rubidium: 30 options available, 0 override(s) found
[18:49:59] [main/WARN]: Reference map 'ritchiesprojectilelib-forge-refmap.json' for ritchiesprojectilelib-forge.mixins.json could not be read. If this is a development environment you can ignore this message
[18:49:59] [main/WARN]: ModelDataManager bugfixes have been disabled to prevent broken rendering with Rubidium installed. Please migrate to Embeddium.
[18:49:59] [main/INFO]: Loaded configuration file for ModernFix 5.18.0+mc1.19.2: 87 options available, 1 override(s) found
[18:49:59] [main/WARN]: Option 'mixin.bugfix.model_data_manager_cme' overriden (by mods [rubidium]) to 'false'
[18:49:59] [main/INFO]: Applying Nashorn fix
[18:49:59] [main/INFO]: Applied Forge config corruption patch
[18:49:59] [main/WARN]: Reference map 'interiors-forge-refmap.json' for interiors.mixins.json could not be read. If this is a development environment you can ignore this message
[18:49:59] [main/INFO]: Redirecting com/llamalad7/mixinextras/service/MixinExtrasVersion
[18:49:59] [main/WARN]: Reference map 'yungsextras.refmap.json' for yungsextras.mixins.json could not be read. If this is a development environment you can ignore this message
[18:49:59] [main/WARN]: Reference map 'yungsextras.refmap.json' for yungsextras_forge.mixins.json could not be read. If this is a development environment you can ignore this message
[18:49:59] [main/WARN]: Reference map 'createindustry.refmap.json' for createindustry.mixins.json could not be read. If this is a development environment you can ignore this message
[18:49:59] [main/WARN]: Reference map 'smallships-forge-refmap.json' for smallships.mixins.json could not be read. If this is a development environment you can ignore this message
[18:49:59] [main/WARN]: Reference map 'limitedchunks.refmap.json' for limitedchunks.mixins.json could not be read. If this is a development environment you can ignore this message
[18:49:59] [main/WARN]: Reference map 'tfmg.refmap.json' for design_decor.mixins.json could not be read. If this is a development environment you can ignore this message
[18:49:59] [main/WARN]: Reference map 'dragonlib-forge-refmap.json' for dragonlib.mixins.json could not be read. If this is a development environment you can ignore this message
[18:49:59] [main/INFO]: Redirecting com/illusivesoulworks/polymorph/common/integration/PolymorphIntegrations$Mod
[18:49:59] [main/INFO]: Redirecting com/illusivesoulworks/polymorph/common/integration/PolymorphIntegrations$Loader
[18:49:59] [main/INFO]: Redirecting malte0811/ferritecore/mixin/config/FerriteMixinConfig$LithiumSupportState
[18:49:59] [main/WARN]: Reference map 'trainperspectivefix.refmap.json' for trainperspectivefix.forge.mixins.json could not be read. If this is a development environment you can ignore this message
[18:50:00] [main/INFO]: Loaded config for: recipeessentials.json
[18:50:00] [main/INFO]: Patching IForgeItemStack#getEnchantmentLevel
[18:50:00] [main/INFO]: Patching IForgeItemStack#getEnchantmentLevel
[18:50:01] [main/INFO]: Loaded config for: structureessentials.json
[18:50:01] [main/INFO]: Redirecting com/railwayteam/railways/compat/Mods
[18:50:02] [main/WARN]: Error loading class: me/jellysquid/mods/lithium/common/ai/pathing/PathNodeDefaults (java.lang.ClassNotFoundException: me.jellysquid.mods.lithium.common.ai.pathing.PathNodeDefaults)
[18:50:02] [main/WARN]: Error loading class: dev/latvian/mods/kubejs/recipe/RecipesEventJS (java.lang.ClassNotFoundException: dev.latvian.mods.kubejs.recipe.RecipesEventJS)
[18:50:02] [main/WARN]: @Mixin target dev.latvian.mods.kubejs.recipe.RecipesEventJS was not found sliceanddice.mixins.json:RecipeEventJSMixin
[18:50:02] [main/WARN]: Error loading class: me/jellysquid/mods/lithium/common/ai/pathing/PathNodeDefaults (java.lang.ClassNotFoundException: me.jellysquid.mods.lithium.common.ai.pathing.PathNodeDefaults)
[18:50:02] [main/WARN]: Error loading class: me/jellysquid/mods/sodium/client/render/chunk/compile/pipeline/BlockOcclusionCache (java.lang.ClassNotFoundException: me.jellysquid.mods.sodium.client.render.chunk.compile.pipeline.BlockOcclusionCache)
[18:50:02] [main/WARN]: Error loading class: cjminecraft/doubleslabs/common/config/DSConfig$Common (java.lang.ClassNotFoundException: cjminecraft.doubleslabs.common.config.DSConfig$Common)
[18:50:02] [main/WARN]: Error loading class: net/coderbot/iris/shaderpack/preprocessor/JcppProcessor (java.lang.ClassNotFoundException: net.coderbot.iris.shaderpack.preprocessor.JcppProcessor)
[18:50:02] [main/WARN]: @Mixin target net.coderbot.iris.shaderpack.preprocessor.JcppProcessor was not found physicsmod.mixins.json:iris.MixinJcppProcessor
[18:50:02] [main/WARN]: Error loading class: net/coderbot/iris/shaderpack/ProgramSet (java.lang.ClassNotFoundException: net.coderbot.iris.shaderpack.ProgramSet)
[18:50:02] [main/WARN]: @Mixin target net.coderbot.iris.shaderpack.ProgramSet was not found physicsmod.mixins.json:iris.MixinProgramSet
[18:50:02] [main/WARN]: Error loading class: net/optifine/shaders/Shaders (java.lang.ClassNotFoundException: net.optifine.shaders.Shaders)
[18:50:02] [main/WARN]: Error loading class: net/optifine/shaders/ShadersCompatibility (java.lang.ClassNotFoundException: net.optifine.shaders.ShadersCompatibility)
[18:50:02] [main/WARN]: Error loading class: net/optifine/shaders/Programs (java.lang.ClassNotFoundException: net.optifine.shaders.Programs)
[18:50:02] [main/WARN]: Error loading class: net/coderbot/iris/pipeline/newshader/NewWorldRenderingPipeline (java.lang.ClassNotFoundException: net.coderbot.iris.pipeline.newshader.NewWorldRenderingPipeline)
[18:50:02] [main/WARN]: @Mixin target net.coderbot.iris.pipeline.newshader.NewWorldRenderingPipeline was not found physicsmod.mixins.json:ocean.MixinNewWorldRenderingPipeline
[18:50:02] [main/WARN]: Error loading class: net/coderbot/iris/pipeline/newshader/NewWorldRenderingPipeline (java.lang.ClassNotFoundException: net.coderbot.iris.pipeline.newshader.NewWorldRenderingPipeline)
[18:50:02] [main/WARN]: @Mixin target net.coderbot.iris.pipeline.newshader.NewWorldRenderingPipeline was not found physicsmod.mixins.json:ocean.MixinNewWorldRenderingPipelineInvoker
[18:50:02] [main/WARN]: Error loading class: net/coderbot/iris/shaderpack/ProgramSource (java.lang.ClassNotFoundException: net.coderbot.iris.shaderpack.ProgramSource)
[18:50:02] [main/WARN]: @Mixin target net.coderbot.iris.shaderpack.ProgramSource was not found physicsmod.mixins.json:ocean.MixinProgramSource
[18:50:03] [main/WARN]: Error loading class: net/coderbot/iris/shaderpack/preprocessor/JcppProcessor (java.lang.ClassNotFoundException: net.coderbot.iris.shaderpack.preprocessor.JcppProcessor)
[18:50:03] [main/WARN]: @Mixin target net.coderbot.iris.shaderpack.preprocessor.JcppProcessor was not found physicsmod.mixins.json:ocean.MixinJcppProcessor
[18:50:03] [main/WARN]: Error loading class: net/coderbot/iris/shaderpack/ProgramSet (java.lang.ClassNotFoundException: net.coderbot.iris.shaderpack.ProgramSet)
[18:50:03] [main/WARN]: @Mixin target net.coderbot.iris.shaderpack.ProgramSet was not found physicsmod.mixins.json:ocean.MixinProgramSet
[18:50:03] [main/WARN]: Error loading class: net/optifine/util/BlockUtils (java.lang.ClassNotFoundException: net.optifine.util.BlockUtils)
[18:50:03] [main/WARN]: Error loading class: ca/spottedleaf/starlight/common/light/StarLightEngine (java.lang.ClassNotFoundException: ca.spottedleaf.starlight.common.light.StarLightEngine)
[18:50:03] [main/WARN]: Error loading class: link/infra/indium/renderer/render/TerrainRenderContext (java.lang.ClassNotFoundException: link.infra.indium.renderer.render.TerrainRenderContext)
[18:50:03] [main/WARN]: Error loading class: noobanidus/mods/lootr/config/ConfigManager (java.lang.ClassNotFoundException: noobanidus.mods.lootr.config.ConfigManager)
[18:50:03] [main/WARN]: Error loading class: earth/terrarium/botarium/forge/BotariumForge (java.lang.ClassNotFoundException: earth.terrarium.botarium.forge.BotariumForge)
[18:50:03] [main/WARN]: @Mixin target earth.terrarium.botarium.forge.BotariumForge was not found create_central_kitchen.mixins.json:common.botarium.BotariumForgeMixin
[18:50:03] [main/WARN]: Error loading class: umpaz/brewinandchewin/common/block/entity/KegBlockEntity (java.lang.ClassNotFoundException: umpaz.brewinandchewin.common.block.entity.KegBlockEntity)
[18:50:03] [main/WARN]: @Mixin target umpaz.brewinandchewin.common.block.entity.KegBlockEntity was not found create_central_kitchen.mixins.json:common.brewinandchewin.KegBlockEntityMixin
[18:50:03] [main/WARN]: Error loading class: com/sammy/minersdelight/content/block/copper_pot/CopperPotBlockEntity (java.lang.ClassNotFoundException: com.sammy.minersdelight.content.block.copper_pot.CopperPotBlockEntity)
[18:50:03] [main/WARN]: @Mixin target com.sammy.minersdelight.content.block.copper_pot.CopperPotBlockEntity was not found create_central_kitchen.mixins.json:common.minersdelight.CopperPotBlockEntityMixin
[18:50:03] [main/WARN]: Error loading class: com/sammy/minersdelight/content/block/sticky_basket/StickyBasketBlockEntity (java.lang.ClassNotFoundException: com.sammy.minersdelight.content.block.sticky_basket.StickyBasketBlockEntity)
[18:50:03] [main/WARN]: @Mixin target com.sammy.minersdelight.content.block.sticky_basket.StickyBasketBlockEntity was not found create_central_kitchen.mixins.json:common.minersdelight.StickyBasketBlockEntityAccessor
[18:50:03] [main/WARN]: Error loading class: com/sammy/minersdelight/content/block/sticky_basket/StickyBasketBlockEntity (java.lang.ClassNotFoundException: com.sammy.minersdelight.content.block.sticky_basket.StickyBasketBlockEntity)
[18:50:03] [main/WARN]: @Mixin target com.sammy.minersdelight.content.block.sticky_basket.StickyBasketBlockEntity was not found create_central_kitchen.mixins.json:common.minersdelight.StickyBasketBlockEntityMixin
[18:50:03] [main/WARN]: Error loading class: net/orcinus/overweightfarming/blocks/CropFullBlock (java.lang.ClassNotFoundException: net.orcinus.overweightfarming.blocks.CropFullBlock)
[18:50:03] [main/WARN]: @Mixin target net.orcinus.overweightfarming.blocks.CropFullBlock was not found create_central_kitchen.mixins.json:common.overweightfarming.CropFullBlockMixin
[18:50:03] [main/INFO]: Initializing MixinExtras via com.llamalad7.mixinextras.service.MixinExtrasServiceImpl(version=0.3.5).
[18:50:03] [main/INFO]: Redirecting net/minecraft/util/datafix/DataFixerOptimizationOption
[18:50:03] [main/INFO]: Redirecting net/minecraft/util/Unit
[18:50:03] [main/INFO]: Redirecting net/minecraft/ChatFormatting
[18:50:04] [main/INFO]: Redirecting net/minecraft/client/User$Type
[18:50:04] [pool-4-thread-1/INFO]: ModernFix reached bootstrap stage (14.39 s after launch)
[18:50:04] [pool-4-thread-1/INFO]: Redirecting net/minecraft/Util$IdentityStrategy
[18:50:04] [pool-4-thread-1/INFO]: Redirecting net/minecraft/core/Holder$Reference$Type
[18:50:04] [pool-4-thread-1/WARN]: @Final field delegatesByName:Ljava/util/Map; in modernfix-forge.mixins.json:perf.forge_registry_alloc.ForgeRegistryMixin should be final
[18:50:04] [pool-4-thread-1/WARN]: @Final field delegatesByValue:Ljava/util/Map; in modernfix-forge.mixins.json:perf.forge_registry_alloc.ForgeRegistryMixin should be final
[18:50:04] [pool-4-thread-1/INFO]: Patching IForgeItemStack#getEnchantmentLevel
[18:50:04] [pool-4-thread-1/INFO]: Patching IForgeItemStack#getEnchantmentLevel
[18:50:05] [pool-4-thread-1/INFO]: Mixing server.MixinPlayer from nochatreports.mixins.json into net.minecraft.world.entity.player.Player
[18:50:06] [pool-4-thread-1/INFO]: Redirecting net/minecraft/core/Direction
[18:50:06] [pool-4-thread-1/INFO]: Redirecting net/minecraft/core/Direction$AxisDirection
[18:50:06] [pool-4-thread-1/INFO]: Redirecting net/minecraft/core/Direction$Axis
[18:50:06] [pool-4-thread-1/INFO]: Redirecting net/minecraft/world/level/material/PushReaction
[18:50:06] [pool-4-thread-1/INFO]: Mixing client.MixinLocalPlayer from nochatreports.mixins.json into net.minecraft.client.player.LocalPlayer
[18:50:06] [pool-4-thread-1/INFO]: Vanilla bootstrap took 1891 milliseconds
[18:50:06] [pool-4-thread-1/INFO]: Redirecting net/minecraftforge/network/NetworkDirection
[18:50:06] [pool-4-thread-1/INFO]: Redirecting net/minecraft/world/item/DyeColor
[18:50:06] [pool-4-thread-1/INFO]: Redirecting net/minecraft/world/level/block/state/BlockBehaviour$OffsetType
[18:50:06] [pool-4-thread-1/INFO]: Redirecting net/minecraft/core/Direction$Plane
[18:50:06] [pool-4-thread-1/INFO]: Redirecting net/minecraft/core/FrontAndTop
[18:50:06] [pool-4-thread-1/INFO]: Redirecting net/minecraft/world/level/block/state/properties/AttachFace
[18:50:06] [pool-4-thread-1/INFO]: Redirecting net/minecraft/world/level/block/state/properties/BellAttachType
[18:50:06] [pool-4-thread-1/INFO]: Redirecting net/minecraft/world/level/block/state/properties/WallSide
[18:50:06] [pool-4-thread-1/INFO]: Redirecting net/minecraft/world/level/block/state/properties/RedstoneSide
[18:50:06] [pool-4-thread-1/INFO]: Redirecting net/minecraft/world/level/block/state/properties/DoubleBlockHalf
[18:50:06] [pool-4-thread-1/INFO]: Redirecting net/minecraft/world/level/block/state/properties/Half
[18:50:06] [pool-4-thread-1/INFO]: Redirecting net/minecraft/world/level/block/state/properties/RailShape
[18:50:06] [pool-4-thread-1/INFO]: Redirecting net/minecraft/world/level/block/state/properties/BedPart
[18:50:06] [pool-4-thread-1/INFO]: Redirecting net/minecraft/world/level/block/state/properties/ChestType
[18:50:06] [pool-4-thread-1/INFO]: Redirecting net/minecraft/world/level/block/state/properties/ComparatorMode
[18:50:06] [pool-4-thread-1/INFO]: Redirecting net/minecraft/world/level/block/state/properties/DoorHingeSide
[18:50:06] [pool-4-thread-1/INFO]: Redirecting net/minecraft/world/level/block/state/properties/NoteBlockInstrument
[18:50:06] [pool-4-thread-1/INFO]: Redirecting net/minecraft/world/level/block/state/properties/PistonType
[18:50:06] [pool-4-thread-1/INFO]: Redirecting net/minecraft/world/level/block/state/properties/SlabType
[18:50:06] [pool-4-thread-1/INFO]: Redirecting net/minecraft/world/level/block/state/properties/StairsShape
[18:50:06] [pool-4-thread-1/INFO]: Redirecting net/minecraft/world/level/block/state/properties/StructureMode
[18:50:06] [pool-4-thread-1/INFO]: Redirecting net/minecraft/world/level/block/state/properties/BambooLeaves
[18:50:06] [pool-4-thread-1/INFO]: Redirecting net/minecraft/world/level/block/state/properties/Tilt
[18:50:06] [pool-4-thread-1/INFO]: Redirecting net/minecraft/world/level/block/state/properties/DripstoneThickness
[18:50:06] [pool-4-thread-1/INFO]: Redirecting net/minecraft/world/level/block/state/properties/SculkSensorPhase
[18:50:06] [pool-4-thread-1/INFO]: Redirecting net/minecraft/world/effect/MobEffectCategory
[18:50:06] [pool-4-thread-1/INFO]: Redirecting net/minecraft/world/entity/ai/attributes/AttributeModifier$Operation
[18:50:07] [pool-4-thread-1/INFO]: Redirecting net/minecraft/world/level/block/PressurePlateBlock$Sensitivity
[18:50:07] [pool-4-thread-1/INFO]: Redirecting net/minecraft/world/level/block/MultifaceSpreader$SpreadType
[18:50:07] [pool-4-thread-1/INFO]: Redirecting net/minecraft/world/InteractionHand
[18:50:07] [pool-4-thread-1/INFO]: Patching IForgeItemStack#getEnchantmentLevel
[18:50:07] [pool-4-thread-1/INFO]: Patching IForgeItemStack#getEnchantmentLevel
[18:50:07] [pool-4-thread-1/INFO]: Redirecting net/minecraft/world/InteractionResult
[18:50:07] [pool-4-thread-1/INFO]: Redirecting net/minecraft/world/level/biome/Biome$Precipitation
[18:50:07] [pool-4-thread-1/INFO]: Redirecting net/minecraft/world/level/block/SkullBlock$Types
[18:50:07] [pool-4-thread-1/INFO]: Redirecting net/minecraft/world/level/block/WeatheringCopper$WeatherState
[18:50:07] [pool-4-thread-1/INFO]: Redirecting net/minecraft/core/Holder$Kind
[18:50:07] [pool-4-thread-1/INFO]: Redirecting net/minecraft/world/level/levelgen/Heightmap$Types
[18:50:07] [pool-4-thread-1/INFO]: Redirecting net/minecraft/world/level/levelgen/Heightmap$Usage
[18:50:08] [pool-4-thread-1/INFO]: Redirecting net/minecraft/world/level/levelgen/placement/CaveSurface
[18:50:08] [pool-4-thread-1/INFO]: Redirecting net/minecraft/world/entity/MobCategory
[18:50:08] [pool-4-thread-1/INFO]: Redirecting net/minecraft/world/entity/ai/goal/Goal$Flag
[18:50:08] [pool-4-thread-1/INFO]: Redirecting net/minecraft/world/entity/Pose
[18:50:08] [pool-4-thread-1/INFO]: Redirecting net/minecraft/world/level/levelgen/GenerationStep$Carving
[18:50:08] [pool-4-thread-1/INFO]: Redirecting net/minecraft/world/level/levelgen/structure/StructureSpawnOverride$BoundingBoxType
[18:50:08] [pool-4-thread-1/INFO]: Redirecting net/minecraft/world/level/levelgen/GenerationStep$Decoration
[18:50:08] [pool-4-thread-1/INFO]: Redirecting net/minecraft/world/level/levelgen/structure/TerrainAdjustment
[18:50:08] [pool-4-thread-1/INFO]: Redirecting net/minecraft/world/level/levelgen/structure/pools/StructureTemplatePool$Projection
[18:50:08] [pool-4-thread-1/INFO]: Redirecting net/minecraft/world/level/levelgen/structure/structures/MineshaftStructure$Type
[18:50:08] [pool-4-thread-1/INFO]: Redirecting net/minecraft/world/level/levelgen/structure/structures/OceanRuinStructure$Type
[18:50:08] [pool-4-thread-1/INFO]: Redirecting net/minecraft/world/level/block/entity/JigsawBlockEntity$JointType
[18:50:08] [pool-4-thread-1/INFO]: Redirecting net/minecraft/world/level/levelgen/structure/structures/RuinedPortalPiece$VerticalPlacement
[18:50:08] [pool-4-thread-1/INFO]: Redirecting net/minecraft/world/level/levelgen/structure/placement/StructurePlacement$FrequencyReductionMethod
[18:50:08] [pool-4-thread-1/INFO]: Redirecting net/minecraft/world/level/levelgen/structure/placement/RandomSpreadType
[18:50:09] [pool-4-thread-1/WARN]: Static binding violation: PRIVATE @Overwrite method m_47505_ in modernfix-common.mixins.json:perf.remove_biome_temperature_cache.BiomeMixin cannot reduce visibiliy of PUBLIC target method, visibility will be upgraded.
[18:50:09] [pool-4-thread-1/INFO]: Redirecting net/minecraft/world/level/biome/Biome$TemperatureModifier
[18:50:09] [pool-4-thread-1/INFO]: Redirecting net/minecraft/world/level/biome/BiomeSpecialEffects$GrassColorModifier
[18:50:09] [pool-4-thread-1/INFO]: Redirecting net/minecraft/world/level/levelgen/DensityFunctions$Marker$Type
[18:50:09] [pool-4-thread-1/INFO]: Redirecting net/minecraft/world/level/levelgen/DensityFunctions$Mapped$Type
[18:50:09] [pool-4-thread-1/INFO]: Redirecting net/minecraft/world/level/levelgen/DensityFunctions$MulOrAdd$Type
[18:50:09] [pool-4-thread-1/INFO]: Redirecting net/minecraft/world/level/levelgen/DensityFunctions$TwoArgumentSimpleFunction$Type
[18:50:09] [pool-4-thread-1/INFO]: Redirecting net/minecraft/world/level/levelgen/DensityFunctions$BlendOffset
[18:50:09] [pool-4-thread-1/INFO]: Redirecting net/minecraft/world/level/levelgen/DensityFunctions$BlendAlpha
[18:50:09] [pool-4-thread-1/INFO]: Redirecting net/minecraft/world/level/levelgen/DensityFunctions$WeirdScaledSampler$RarityValueMapper
[18:50:09] [pool-4-thread-1/INFO]: Redirecting net/minecraft/world/level/levelgen/OreVeinifier$VeinType
[18:50:09] [pool-4-thread-1/INFO]: Redirecting net/minecraft/world/level/levelgen/SurfaceRules$Hole
[18:50:09] [pool-4-thread-1/INFO]: Redirecting net/minecraft/world/level/levelgen/SurfaceRules$Steep
[18:50:09] [pool-4-thread-1/INFO]: Redirecting net/minecraft/world/level/levelgen/SurfaceRules$Bandlands
[18:50:09] [pool-4-thread-1/INFO]: Redirecting net/minecraft/world/level/levelgen/SurfaceRules$Temperature
[18:50:09] [pool-4-thread-1/INFO]: Redirecting net/minecraft/world/level/levelgen/SurfaceRules$AbovePreliminarySurface
[18:50:09] [pool-4-thread-1/INFO]: TerraBlender not found, using injection method
[18:50:09] [pool-4-thread-1/INFO]: Redirecting net/minecraft/world/item/Rarity
[18:50:09] [pool-4-thread-1/INFO]: Redirecting net/minecraft/world/item/enchantment/EnchantmentCategory
[18:50:09] [pool-4-thread-1/INFO]: Redirecting net/minecraft/world/entity/vehicle/AbstractMinecart$Type
[18:50:09] [pool-4-thread-1/INFO]: Redirecting net/minecraft/world/entity/vehicle/Boat$Type
[18:50:09] [pool-4-thread-1/INFO]: Redirecting net/minecraft/world/item/ArmorMaterials
[18:50:09] [pool-4-thread-1/INFO]: Redirecting net/minecraft/world/entity/EquipmentSlot
[18:50:09] [pool-4-thread-1/INFO]: Redirecting net/minecraft/world/entity/EquipmentSlot$Type
[18:50:09] [pool-4-thread-1/INFO]: Redirecting net/minecraft/world/item/Tiers
[18:50:09] [pool-4-thread-1/INFO]: Redirecting net/minecraft/network/chat/ChatTypeDecoration$Parameter
[18:50:09] [pool-4-thread-1/INFO]: Redirecting net/minecraft/world/item/enchantment/Enchantment$Rarity
[18:50:09] [pool-4-thread-1/INFO]: Redirecting net/minecraft/world/item/enchantment/ProtectionEnchantment$Type
[18:50:09] [pool-4-thread-1/INFO]: Redirecting net/minecraft/world/scores/criteria/ObjectiveCriteria$RenderType
[18:50:09] [pool-4-thread-1/INFO]: Redirecting net/minecraft/world/level/chunk/ChunkStatus$ChunkType
[18:50:09] [pool-4-thread-1/INFO]: Redirecting net/minecraft/world/level/levelgen/DensityFunctions$BeardifierMarker
[18:50:09] [main/INFO]: Redirecting com/mojang/blaze3d/vertex/VertexFormatElement$Type
[18:50:09] [main/INFO]: Redirecting com/mojang/blaze3d/vertex/VertexFormatElement$Usage
[18:50:09] [main/INFO]: Redirecting com/mojang/blaze3d/vertex/VertexFormat$Mode
[18:50:09] [main/INFO]: Redirecting net/minecraft/client/renderer/RenderType$OutlineProperty
[18:50:10] [Render thread/INFO]: Redirecting com/mojang/blaze3d/vertex/VertexFormat$IndexType
[18:50:10] [Render thread/INFO]: Redirecting com/mojang/blaze3d/shaders/FogShape
[18:50:10] [Render thread/INFO]: Mixing client.MixinTitleScreen from nochatreports.mixins.json into net.minecraft.client.gui.screens.TitleScreen
[18:50:10] [Render thread/INFO]: Mixing client.MixinChatScreen from nochatreports.mixins.json into net.minecraft.client.gui.screens.ChatScreen
[18:50:10] [Render thread/INFO]: Renaming synthetic method lambda$onInit$4(Lnet/minecraft/client/gui/components/Button;Lcom/mojang/blaze3d/vertex/PoseStack;II)V to md8193be$lambda$onInit$4$0 in nochatreports.mixins.json:client.MixinChatScreen
[18:50:10] [Render thread/INFO]: Renaming synthetic method lambda$onInit$3(Lnet/minecraft/client/gui/components/Button;)V to md8193be$lambda$onInit$3$1 in nochatreports.mixins.json:client.MixinChatScreen
[18:50:10] [Render thread/INFO]: Renaming synthetic method lambda$onInit$2(Lcom/aizistral/nochatreports/core/ServerSafetyLevel;Lnet/minecraft/client/gui/components/Button;Lcom/mojang/blaze3d/vertex/PoseStack;II)V to md8193be$lambda$onInit$2$2 in nochatreports.mixins.json:client.MixinChatScreen
[18:50:10] [Render thread/INFO]: Renaming synthetic method lambda$onInit$1(Lnet/minecraft/client/gui/components/Button;)V to md8193be$lambda$onInit$1$3 in nochatreports.mixins.json:client.MixinChatScreen
[18:50:10] [Render thread/INFO]: Renaming synthetic method lambda$onBeforeMessage$0(Ljava/lang/String;Lorg/spongepowered/asm/mixin/injection/callback/CallbackInfoReturnable;Lcom/aizistral/nochatreports/encryption/Encryptor;)V to md8193be$lambda$onBeforeMessage$0$4 in nochatreports.mixins.json:client.MixinChatScreen
[18:50:10] [Render thread/INFO]: Redirecting net/minecraft/Util$OS
[18:50:10] [Render thread/INFO]: Redirecting net/minecraft/server/packs/PackType
[18:50:10] [Render thread/WARN]: Assets URL 'union:/C:/Users/Matth/curseforge/minecraft/Install/libraries/net/minecraft/client/1.19.2-20220805.130853/client-1.19.2-20220805.130853-srg.jar%23473!/assets/.mcassetsroot' uses unexpected schema
[18:50:10] [Render thread/WARN]: Assets URL 'union:/C:/Users/Matth/curseforge/minecraft/Install/libraries/net/minecraft/client/1.19.2-20220805.130853/client-1.19.2-20220805.130853-srg.jar%23473!/data/.mcassetsroot' uses unexpected schema
[18:50:10] [Render thread/INFO]: Redirecting net/minecraft/server/packs/repository/Pack$Position
[18:50:10] [Render thread/INFO]: Redirecting net/dark_roleplay/gdarp/pack_finders/MultiFilePackFinder$FilePackType
[18:50:10] [Render thread/INFO]: Environment: authHost='https://authserver.mojang.com', accountsHost='https://api.mojang.com', sessionHost='https://sessionserver.mojang.com', servicesHost='https://api.minecraftservices.com', name='PROD'
[18:50:10] [Render thread/INFO]: Setting user: MBar05
[18:50:10] [Render thread/INFO]: Bypassed Mojang DFU
[18:50:10] [Render thread/INFO]: Mixing client.MixinToastComponent from nochatreports.mixins.json into net.minecraft.client.gui.components.toasts.ToastComponent
[18:50:10] [Render thread/INFO]: Mixing client.MixinOptions from nochatreports.mixins.json into net.minecraft.client.Options
[18:50:10] [Render thread/INFO]: Renaming synthetic method lambda$onlyShowSecureChat$1(Ljava/lang/Boolean;)V to md8193be$lambda$onlyShowSecureChat$1$0 in nochatreports.mixins.json:client.MixinOptions
[18:50:10] [Render thread/INFO]: Renaming synthetic method lambda$onlyShowSecureChat$0(Lnet/minecraft/network/chat/Component;Ljava/lang/Boolean;)Lnet/minecraft/network/chat/Component; to md8193be$lambda$onlyShowSecureChat$0$1 in nochatreports.mixins.json:client.MixinOptions
[18:50:11] [Render thread/INFO]: Redirecting net/minecraft/client/OptionInstance$UnitDouble
[18:50:11] [Render thread/INFO]: Redirecting net/minecraft/client/CloudStatus
[18:50:11] [Render thread/INFO]: Redirecting net/minecraft/client/GraphicsStatus
[18:50:11] [Render thread/INFO]: Redirecting net/minecraft/client/AmbientOcclusionStatus
[18:50:11] [Render thread/INFO]: Redirecting net/minecraft/client/PrioritizeChunkUpdates
[18:50:11] [Render thread/INFO]: Redirecting net/minecraft/world/entity/player/ChatVisiblity
[18:50:11] [Render thread/INFO]: Redirecting net/minecraft/world/entity/player/PlayerModelPart
[18:50:11] [Render thread/INFO]: Redirecting net/minecraft/world/entity/HumanoidArm
[18:50:11] [Render thread/INFO]: Mixing client.MixinChatComponent from nochatreports.mixins.json into net.minecraft.client.gui.components.ChatComponent
[18:50:11] [Render thread/INFO]: Renaming synthetic method lambda$modifyGUIMessage$1()V to md8193be$lambda$modifyGUIMessage$1$0 in nochatreports.mixins.json:client.MixinChatComponent
[18:50:11] [Render thread/INFO]: Renaming synthetic method lambda$modifyGUIMessage$0(Lnet/minecraft/network/chat/FormattedText;Lnet/minecraft/network/chat/Component;)V to md8193be$lambda$modifyGUIMessage$0$1 in nochatreports.mixins.json:client.MixinChatComponent
[18:50:11] [Render thread/INFO]: Mixing client.MixinGuiMessageTagIcon from nochatreports.mixins.json into net.minecraft.client.GuiMessageTag$Icon
[18:50:11] [Render thread/INFO]: Renaming @Invoker method create(Ljava/lang/String;IIIII)Lnet/minecraft/client/GuiMessageTag$Icon; to create_$md$8193be$0 in nochatreports.mixins.json:client.MixinGuiMessageTagIcon
[18:50:11] [Render thread/INFO]: Redirecting net/minecraft/client/GuiMessageTag$Icon
[18:50:11] [Render thread/INFO]: Redirecting net/minecraft/client/AttackIndicatorStatus
[18:50:11] [Render thread/INFO]: Redirecting net/minecraft/client/tutorial/TutorialSteps
[18:50:11] [Render thread/INFO]: Redirecting net/minecraft/client/multiplayer/chat/ChatPreviewStatus
[18:50:11] [Render thread/INFO]: Redirecting net/minecraftforge/client/settings/KeyModifier
[18:50:11] [Render thread/INFO]: Redirecting com/mojang/blaze3d/platform/InputConstants$Type
[18:50:11] [Render thread/INFO]: Redirecting net/minecraftforge/client/settings/KeyConflictContext
[18:50:11] [Render thread/INFO]: Redirecting net/minecraft/client/CameraType
[18:50:11] [Render thread/INFO]: Redirecting net/minecraft/client/ParticleStatus
[18:50:11] [Render thread/INFO]: Redirecting net/minecraft/client/NarratorStatus
[18:50:11] [Render thread/INFO]: Redirecting net/minecraft/util/datafix/DataFixTypes
[18:50:11] [Render thread/INFO]: Instantiating Mojang DFU
[18:50:11] [Render thread/INFO]: Building unoptimized datafixer
[18:50:11] [Render thread/INFO]: Redirecting net/minecraft/sounds/SoundSource
[18:50:11] [Render thread/INFO]: Backend library: LWJGL version 3.3.1 build 7
[18:50:11] [Render thread/INFO]: Redirecting net/minecraft/util/ModCheck$Confidence
[18:50:11] [Render thread/INFO]: Redirecting me/jellysquid/mods/sodium/client/gui/SodiumGameOptions$GraphicsQuality
[18:50:11] [Render thread/INFO]: Redirecting me/jellysquid/mods/sodium/client/gui/SodiumGameOptions$ArenaMemoryAllocator
